{"name":"hexo","hostname":"DESKTOP-RINLT5K","pid":25132,"level":50,"msg":"Local hexo not found in \u001b[35mF:\\myblog\u001b[39m","time":"2020-02-04T20:40:55.104Z","v":0}
{"name":"hexo","hostname":"DESKTOP-RINLT5K","pid":25132,"level":50,"msg":"Try running: 'npm install hexo --save'","time":"2020-02-04T20:40:55.106Z","v":0}
{"name":"hexo","hostname":"DESKTOP-RINLT5K","pid":13792,"level":50,"msg":"Local hexo not found in \u001b[35mF:\\myblog\u001b[39m","time":"2020-02-04T20:55:00.254Z","v":0}
{"name":"hexo","hostname":"DESKTOP-RINLT5K","pid":13792,"level":50,"msg":"Try running: 'npm install hexo --save'","time":"2020-02-04T20:55:00.255Z","v":0}
{"name":"hexo","hostname":"DESKTOP-RINLT5K","pid":23656,"level":20,"msg":"Writing database to F:\\myblog/db.json","time":"2020-02-04T20:59:06.652Z","v":0}
{"name":"hexo","hostname":"DESKTOP-RINLT5K","pid":23656,"level":20,"msg":"Hexo version: \u001b[35m4.2.0\u001b[39m","time":"2020-02-04T20:59:06.665Z","v":0}
{"name":"hexo","hostname":"DESKTOP-RINLT5K","pid":23656,"level":20,"msg":"Working directory: \u001b[35mF:\\myblog\\\u001b[39m","time":"2020-02-04T20:59:06.665Z","v":0}
{"name":"hexo","hostname":"DESKTOP-RINLT5K","pid":23656,"level":20,"msg":"Updating package.json","time":"2020-02-04T20:59:06.750Z","v":0}
{"name":"hexo","hostname":"DESKTOP-RINLT5K","pid":23656,"level":20,"msg":"Config loaded: \u001b[35mF:\\myblog\\_config.yml\u001b[39m","time":"2020-02-04T20:59:06.756Z","v":0}
{"name":"hexo","hostname":"DESKTOP-RINLT5K","pid":23656,"level":20,"msg":"Plugin loaded: \u001b[35mhexo-generator-archive\u001b[39m","time":"2020-02-04T20:59:06.773Z","v":0}
{"name":"hexo","hostname":"DESKTOP-RINLT5K","pid":23656,"level":20,"msg":"Plugin loaded: \u001b[35mhexo-generator-category\u001b[39m","time":"2020-02-04T20:59:06.775Z","v":0}
{"name":"hexo","hostname":"DESKTOP-RINLT5K","pid":23656,"level":20,"msg":"Plugin loaded: \u001b[35mhexo-generator-index\u001b[39m","time":"2020-02-04T20:59:06.776Z","v":0}
{"name":"hexo","hostname":"DESKTOP-RINLT5K","pid":23656,"level":20,"msg":"Plugin loaded: \u001b[35mhexo-generator-tag\u001b[39m","time":"2020-02-04T20:59:06.777Z","v":0}
{"name":"hexo","hostname":"DESKTOP-RINLT5K","pid":23656,"level":20,"msg":"Plugin loaded: \u001b[35mhexo-renderer-ejs\u001b[39m","time":"2020-02-04T20:59:06.780Z","v":0}
{"name":"hexo","hostname":"DESKTOP-RINLT5K","pid":23656,"level":20,"msg":"Plugin loaded: \u001b[35mhexo-renderer-stylus\u001b[39m","time":"2020-02-04T20:59:06.849Z","v":0}
{"name":"hexo","hostname":"DESKTOP-RINLT5K","pid":23656,"level":20,"msg":"Plugin loaded: \u001b[35mhexo-renderer-marked\u001b[39m","time":"2020-02-04T20:59:06.885Z","v":0}
{"name":"hexo","hostname":"DESKTOP-RINLT5K","pid":23656,"level":20,"msg":"Plugin loaded: \u001b[35mhexo-server\u001b[39m","time":"2020-02-04T20:59:06.943Z","v":0}
{"name":"hexo","hostname":"DESKTOP-RINLT5K","pid":23656,"level":30,"msg":"Start processing","time":"2020-02-04T20:59:06.948Z","v":0}
{"name":"hexo","hostname":"DESKTOP-RINLT5K","pid":23656,"level":20,"msg":"Theme config loaded.","time":"2020-02-04T20:59:07.030Z","v":0}
{"name":"hexo","hostname":"DESKTOP-RINLT5K","pid":23656,"level":20,"msg":"Processed: \u001b[35m_config.yml\u001b[39m","time":"2020-02-04T20:59:07.031Z","v":0}
{"name":"hexo","hostname":"DESKTOP-RINLT5K","pid":23656,"level":20,"msg":"Processed: \u001b[35msource/css/backcss.css\u001b[39m","time":"2020-02-04T20:59:07.032Z","v":0}
{"name":"hexo","hostname":"DESKTOP-RINLT5K","pid":23656,"level":20,"msg":"Processed: \u001b[35msource/css/dropdownMenu.css\u001b[39m","time":"2020-02-04T20:59:07.033Z","v":0}
{"name":"hexo","hostname":"DESKTOP-RINLT5K","pid":23656,"level":20,"msg":"Processed: \u001b[35msource/css/demo.css\u001b[39m","time":"2020-02-04T20:59:07.033Z","v":0}
{"name":"hexo","hostname":"DESKTOP-RINLT5K","pid":23656,"level":20,"msg":"Processed: \u001b[35msource/css/font-awesome.min.css\u001b[39m","time":"2020-02-04T20:59:07.034Z","v":0}
{"name":"hexo","hostname":"DESKTOP-RINLT5K","pid":23656,"level":20,"msg":"Processed: \u001b[35msource/css/gallery.css\u001b[39m","time":"2020-02-04T20:59:07.034Z","v":0}
{"name":"hexo","hostname":"DESKTOP-RINLT5K","pid":23656,"level":20,"msg":"Processed: \u001b[35msource/css/gallery.min.css\u001b[39m","time":"2020-02-04T20:59:07.035Z","v":0}
{"name":"hexo","hostname":"DESKTOP-RINLT5K","pid":23656,"level":20,"msg":"Processed: \u001b[35msource/css/item.css\u001b[39m","time":"2020-02-04T20:59:07.035Z","v":0}
{"name":"hexo","hostname":"DESKTOP-RINLT5K","pid":23656,"level":20,"msg":"Processed: \u001b[35msource/css/mic_gallery.css\u001b[39m","time":"2020-02-04T20:59:07.036Z","v":0}
{"name":"hexo","hostname":"DESKTOP-RINLT5K","pid":23656,"level":20,"msg":"Processed: \u001b[35msource/css/my_link.css\u001b[39m","time":"2020-02-04T20:59:07.037Z","v":0}
{"name":"hexo","hostname":"DESKTOP-RINLT5K","pid":23656,"level":20,"msg":"Processed: \u001b[35msource/css/normalize.css\u001b[39m","time":"2020-02-04T20:59:07.038Z","v":0}
{"name":"hexo","hostname":"DESKTOP-RINLT5K","pid":23656,"level":20,"msg":"Processed: \u001b[35msource/css/ok_prism.css\u001b[39m","time":"2020-02-04T20:59:07.039Z","v":0}
{"name":"hexo","hostname":"DESKTOP-RINLT5K","pid":23656,"level":20,"msg":"Processed: \u001b[35msource/css/noscript.css\u001b[39m","time":"2020-02-04T20:59:07.041Z","v":0}
{"name":"hexo","hostname":"DESKTOP-RINLT5K","pid":23656,"level":20,"msg":"Processed: \u001b[35msource/css/prism.css\u001b[39m","time":"2020-02-04T20:59:07.041Z","v":0}
{"name":"hexo","hostname":"DESKTOP-RINLT5K","pid":23656,"level":20,"msg":"Processed: \u001b[35msource/css/prism_coy.css\u001b[39m","time":"2020-02-04T20:59:07.042Z","v":0}
{"name":"hexo","hostname":"DESKTOP-RINLT5K","pid":23656,"level":20,"msg":"Processed: \u001b[35msource/css/prism_dark.css\u001b[39m","time":"2020-02-04T20:59:07.042Z","v":0}
{"name":"hexo","hostname":"DESKTOP-RINLT5K","pid":23656,"level":20,"msg":"Processed: \u001b[35msource/css/prism_default.css\u001b[39m","time":"2020-02-04T20:59:07.042Z","v":0}
{"name":"hexo","hostname":"DESKTOP-RINLT5K","pid":23656,"level":20,"msg":"Processed: \u001b[35msource/css/prism_funky.css\u001b[39m","time":"2020-02-04T20:59:07.043Z","v":0}
{"name":"hexo","hostname":"DESKTOP-RINLT5K","pid":23656,"level":20,"msg":"Processed: \u001b[35msource/css/prism_okaidia.css\u001b[39m","time":"2020-02-04T20:59:07.043Z","v":0}
{"name":"hexo","hostname":"DESKTOP-RINLT5K","pid":23656,"level":20,"msg":"Processed: \u001b[35msource/css/prism_solarized.css\u001b[39m","time":"2020-02-04T20:59:07.044Z","v":0}
{"name":"hexo","hostname":"DESKTOP-RINLT5K","pid":23656,"level":20,"msg":"Processed: \u001b[35msource/css/prism_twilight.css\u001b[39m","time":"2020-02-04T20:59:07.044Z","v":0}
{"name":"hexo","hostname":"DESKTOP-RINLT5K","pid":23656,"level":20,"msg":"Processed: \u001b[35msource/css/typo.css\u001b[39m","time":"2020-02-04T20:59:07.045Z","v":0}
{"name":"hexo","hostname":"DESKTOP-RINLT5K","pid":23656,"level":20,"msg":"Processed: \u001b[35msource/images/12.jpg\u001b[39m","time":"2020-02-04T20:59:07.045Z","v":0}
{"name":"hexo","hostname":"DESKTOP-RINLT5K","pid":23656,"level":20,"msg":"Processed: \u001b[35msource/images/3123.jpg\u001b[39m","time":"2020-02-04T20:59:07.045Z","v":0}
{"name":"hexo","hostname":"DESKTOP-RINLT5K","pid":23656,"level":20,"msg":"Processed: \u001b[35msource/images/me.jpg\u001b[39m","time":"2020-02-04T20:59:07.046Z","v":0}
{"name":"hexo","hostname":"DESKTOP-RINLT5K","pid":23656,"level":20,"msg":"Processed: \u001b[35msource/images/overlay.png\u001b[39m","time":"2020-02-04T20:59:07.046Z","v":0}
{"name":"hexo","hostname":"DESKTOP-RINLT5K","pid":23656,"level":20,"msg":"Processed: \u001b[35msource/images/pic01.jpg\u001b[39m","time":"2020-02-04T20:59:07.047Z","v":0}
{"name":"hexo","hostname":"DESKTOP-RINLT5K","pid":23656,"level":20,"msg":"Processed: \u001b[35msource/images/pic02.jpg\u001b[39m","time":"2020-02-04T20:59:07.047Z","v":0}
{"name":"hexo","hostname":"DESKTOP-RINLT5K","pid":23656,"level":20,"msg":"Processed: \u001b[35msource/images/pic03.jpg\u001b[39m","time":"2020-02-04T20:59:07.048Z","v":0}
{"name":"hexo","hostname":"DESKTOP-RINLT5K","pid":23656,"level":20,"msg":"Processed: \u001b[35msource/images/pic04.jpg\u001b[39m","time":"2020-02-04T20:59:07.049Z","v":0}
{"name":"hexo","hostname":"DESKTOP-RINLT5K","pid":23656,"level":20,"msg":"Processed: \u001b[35msource/images/pic05.jpg\u001b[39m","time":"2020-02-04T20:59:07.051Z","v":0}
{"name":"hexo","hostname":"DESKTOP-RINLT5K","pid":23656,"level":20,"msg":"Processed: \u001b[35msource/images/pic06.jpg\u001b[39m","time":"2020-02-04T20:59:07.052Z","v":0}
{"name":"hexo","hostname":"DESKTOP-RINLT5K","pid":23656,"level":20,"msg":"Processed: \u001b[35msource/images/pic07.jpg\u001b[39m","time":"2020-02-04T20:59:07.052Z","v":0}
{"name":"hexo","hostname":"DESKTOP-RINLT5K","pid":23656,"level":20,"msg":"Processed: \u001b[35msource/images/pic08.jpg\u001b[39m","time":"2020-02-04T20:59:07.053Z","v":0}
{"name":"hexo","hostname":"DESKTOP-RINLT5K","pid":23656,"level":20,"msg":"Processed: \u001b[35msource/images/pic09.jpg\u001b[39m","time":"2020-02-04T20:59:07.055Z","v":0}
{"name":"hexo","hostname":"DESKTOP-RINLT5K","pid":23656,"level":20,"msg":"Processed: \u001b[35msource/images/pic10.jpg\u001b[39m","time":"2020-02-04T20:59:07.055Z","v":0}
{"name":"hexo","hostname":"DESKTOP-RINLT5K","pid":23656,"level":20,"msg":"Processed: \u001b[35msource/images/pic11.jpg\u001b[39m","time":"2020-02-04T20:59:07.057Z","v":0}
{"name":"hexo","hostname":"DESKTOP-RINLT5K","pid":23656,"level":20,"msg":"Processed: \u001b[35msource/images/pic12.jpg\u001b[39m","time":"2020-02-04T20:59:07.059Z","v":0}
{"name":"hexo","hostname":"DESKTOP-RINLT5K","pid":23656,"level":20,"msg":"Processed: \u001b[35msource/images/picx03.jpg\u001b[39m","time":"2020-02-04T20:59:07.060Z","v":0}
{"name":"hexo","hostname":"DESKTOP-RINLT5K","pid":23656,"level":20,"msg":"Processed: \u001b[35msource/js/gallery_skel.min.js\u001b[39m","time":"2020-02-04T20:59:07.065Z","v":0}
{"name":"hexo","hostname":"DESKTOP-RINLT5K","pid":23656,"level":20,"msg":"Processed: \u001b[35msource/js/jquery.scrollex.min.js\u001b[39m","time":"2020-02-04T20:59:07.067Z","v":0}
{"name":"hexo","hostname":"DESKTOP-RINLT5K","pid":23656,"level":20,"msg":"Processed: \u001b[35msource/js/jquery.scrolly.min.js\u001b[39m","time":"2020-02-04T20:59:07.068Z","v":0}
{"name":"hexo","hostname":"DESKTOP-RINLT5K","pid":23656,"level":20,"msg":"Processed: \u001b[35msource/js/lazyload.min.js\u001b[39m","time":"2020-02-04T20:59:07.068Z","v":0}
{"name":"hexo","hostname":"DESKTOP-RINLT5K","pid":23656,"level":20,"msg":"Processed: \u001b[35msource/js/main.js\u001b[39m","time":"2020-02-04T20:59:07.069Z","v":0}
{"name":"hexo","hostname":"DESKTOP-RINLT5K","pid":23656,"level":20,"msg":"Processed: \u001b[35msource/js/mic_gallery.js\u001b[39m","time":"2020-02-04T20:59:07.070Z","v":0}
{"name":"hexo","hostname":"DESKTOP-RINLT5K","pid":23656,"level":20,"msg":"Processed: \u001b[35msource/js/skel.min.js\u001b[39m","time":"2020-02-04T20:59:07.074Z","v":0}
{"name":"hexo","hostname":"DESKTOP-RINLT5K","pid":23656,"level":20,"msg":"Processed: \u001b[35msource/js/util.js\u001b[39m","time":"2020-02-04T20:59:07.075Z","v":0}
{"name":"hexo","hostname":"DESKTOP-RINLT5K","pid":23656,"level":20,"msg":"Processed: \u001b[35mlayout/index.ejs\u001b[39m","time":"2020-02-04T20:59:07.082Z","v":0}
{"name":"hexo","hostname":"DESKTOP-RINLT5K","pid":23656,"level":20,"msg":"Processed: \u001b[35m_posts/hello-world.md\u001b[39m","time":"2020-02-04T20:59:07.090Z","v":0}
{"name":"hexo","hostname":"DESKTOP-RINLT5K","pid":23656,"level":20,"msg":"Processed: \u001b[35msource/css/mic_main.css\u001b[39m","time":"2020-02-04T20:59:07.092Z","v":0}
{"name":"hexo","hostname":"DESKTOP-RINLT5K","pid":23656,"level":20,"msg":"Processed: \u001b[35msource/fonts/FontAwesome.otf\u001b[39m","time":"2020-02-04T20:59:07.096Z","v":0}
{"name":"hexo","hostname":"DESKTOP-RINLT5K","pid":23656,"level":20,"msg":"Processed: \u001b[35msource/fonts/fontawesome-webfont.eot\u001b[39m","time":"2020-02-04T20:59:07.097Z","v":0}
{"name":"hexo","hostname":"DESKTOP-RINLT5K","pid":23656,"level":20,"msg":"Processed: \u001b[35msource/fonts/fontawesome-webfont.woff2\u001b[39m","time":"2020-02-04T20:59:07.098Z","v":0}
{"name":"hexo","hostname":"DESKTOP-RINLT5K","pid":23656,"level":20,"msg":"Processed: \u001b[35msource/fonts/fontawesome-webfont.woff\u001b[39m","time":"2020-02-04T20:59:07.098Z","v":0}
{"name":"hexo","hostname":"DESKTOP-RINLT5K","pid":23656,"level":20,"msg":"Processed: \u001b[35msource/images/logo.png\u001b[39m","time":"2020-02-04T20:59:07.100Z","v":0}
{"name":"hexo","hostname":"DESKTOP-RINLT5K","pid":23656,"level":20,"msg":"Processed: \u001b[35msource/img/logo_miccall.png\u001b[39m","time":"2020-02-04T20:59:07.102Z","v":0}
{"name":"hexo","hostname":"DESKTOP-RINLT5K","pid":23656,"level":20,"msg":"Processed: \u001b[35msource/js/jquery.min.js\u001b[39m","time":"2020-02-04T20:59:07.103Z","v":0}
{"name":"hexo","hostname":"DESKTOP-RINLT5K","pid":23656,"level":20,"msg":"Processed: \u001b[35mlayout/layout.ejs\u001b[39m","time":"2020-02-04T20:59:07.115Z","v":0}
{"name":"hexo","hostname":"DESKTOP-RINLT5K","pid":23656,"level":20,"msg":"Processed: \u001b[35mlayout/post.ejs\u001b[39m","time":"2020-02-04T20:59:07.116Z","v":0}
{"name":"hexo","hostname":"DESKTOP-RINLT5K","pid":23656,"level":20,"msg":"Processed: \u001b[35msource/css/images/arrow-small.svg\u001b[39m","time":"2020-02-04T20:59:07.123Z","v":0}
{"name":"hexo","hostname":"DESKTOP-RINLT5K","pid":23656,"level":20,"msg":"Processed: \u001b[35msource/css/images/arrow.svg\u001b[39m","time":"2020-02-04T20:59:07.129Z","v":0}
{"name":"hexo","hostname":"DESKTOP-RINLT5K","pid":23656,"level":20,"msg":"Processed: \u001b[35msource/css/images/close-small-alt.svg\u001b[39m","time":"2020-02-04T20:59:07.131Z","v":0}
{"name":"hexo","hostname":"DESKTOP-RINLT5K","pid":23656,"level":20,"msg":"Processed: \u001b[35msource/css/images/close-small.svg\u001b[39m","time":"2020-02-04T20:59:07.135Z","v":0}
{"name":"hexo","hostname":"DESKTOP-RINLT5K","pid":23656,"level":20,"msg":"Processed: \u001b[35msource/css/images/close.svg\u001b[39m","time":"2020-02-04T20:59:07.137Z","v":0}
{"name":"hexo","hostname":"DESKTOP-RINLT5K","pid":23656,"level":20,"msg":"Processed: \u001b[35msource/css/images/open-small.svg\u001b[39m","time":"2020-02-04T20:59:07.138Z","v":0}
{"name":"hexo","hostname":"DESKTOP-RINLT5K","pid":23656,"level":20,"msg":"Processed: \u001b[35msource/css/images/open.svg\u001b[39m","time":"2020-02-04T20:59:07.141Z","v":0}
{"name":"hexo","hostname":"DESKTOP-RINLT5K","pid":23656,"level":20,"msg":"Processed: \u001b[35msource/css/images/spinner.svg\u001b[39m","time":"2020-02-04T20:59:07.143Z","v":0}
{"name":"hexo","hostname":"DESKTOP-RINLT5K","pid":23656,"level":20,"msg":"Processed: \u001b[35msource/fonts/fontawesome-webfont.ttf\u001b[39m","time":"2020-02-04T20:59:07.145Z","v":0}
{"name":"hexo","hostname":"DESKTOP-RINLT5K","pid":23656,"level":20,"msg":"Processed: \u001b[35msource/images/fulls/05.jpg\u001b[39m","time":"2020-02-04T20:59:07.147Z","v":0}
{"name":"hexo","hostname":"DESKTOP-RINLT5K","pid":23656,"level":20,"msg":"Processed: \u001b[35msource/images/fulls/07.jpg\u001b[39m","time":"2020-02-04T20:59:07.149Z","v":0}
{"name":"hexo","hostname":"DESKTOP-RINLT5K","pid":23656,"level":20,"msg":"Processed: \u001b[35msource/images/fulls/09.jpg\u001b[39m","time":"2020-02-04T20:59:07.151Z","v":0}
{"name":"hexo","hostname":"DESKTOP-RINLT5K","pid":23656,"level":20,"msg":"Processed: \u001b[35msource/images/fulls/08.jpg\u001b[39m","time":"2020-02-04T20:59:07.153Z","v":0}
{"name":"hexo","hostname":"DESKTOP-RINLT5K","pid":23656,"level":20,"msg":"Processed: \u001b[35msource/images/fulls/10.jpg\u001b[39m","time":"2020-02-04T20:59:07.157Z","v":0}
{"name":"hexo","hostname":"DESKTOP-RINLT5K","pid":23656,"level":20,"msg":"Processed: \u001b[35msource/images/fulls/12.jpg\u001b[39m","time":"2020-02-04T20:59:07.159Z","v":0}
{"name":"hexo","hostname":"DESKTOP-RINLT5K","pid":23656,"level":20,"msg":"Processed: \u001b[35msource/images/thumbs/02.jpg\u001b[39m","time":"2020-02-04T20:59:07.160Z","v":0}
{"name":"hexo","hostname":"DESKTOP-RINLT5K","pid":23656,"level":20,"msg":"Processed: \u001b[35msource/images/thumbs/04.jpg\u001b[39m","time":"2020-02-04T20:59:07.162Z","v":0}
{"name":"hexo","hostname":"DESKTOP-RINLT5K","pid":23656,"level":20,"msg":"Processed: \u001b[35msource/images/thumbs/01.jpg\u001b[39m","time":"2020-02-04T20:59:07.168Z","v":0}
{"name":"hexo","hostname":"DESKTOP-RINLT5K","pid":23656,"level":20,"msg":"Processed: \u001b[35msource/images/thumbs/03.jpg\u001b[39m","time":"2020-02-04T20:59:07.171Z","v":0}
{"name":"hexo","hostname":"DESKTOP-RINLT5K","pid":23656,"level":20,"msg":"Processed: \u001b[35msource/images/thumbs/05.jpg\u001b[39m","time":"2020-02-04T20:59:07.172Z","v":0}
{"name":"hexo","hostname":"DESKTOP-RINLT5K","pid":23656,"level":20,"msg":"Processed: \u001b[35msource/images/thumbs/06.jpg\u001b[39m","time":"2020-02-04T20:59:07.178Z","v":0}
{"name":"hexo","hostname":"DESKTOP-RINLT5K","pid":23656,"level":20,"msg":"Processed: \u001b[35msource/images/thumbs/07.jpg\u001b[39m","time":"2020-02-04T20:59:07.179Z","v":0}
{"name":"hexo","hostname":"DESKTOP-RINLT5K","pid":23656,"level":20,"msg":"Processed: \u001b[35msource/images/thumbs/08.jpg\u001b[39m","time":"2020-02-04T20:59:07.185Z","v":0}
{"name":"hexo","hostname":"DESKTOP-RINLT5K","pid":23656,"level":20,"msg":"Processed: \u001b[35msource/images/thumbs/09.jpg\u001b[39m","time":"2020-02-04T20:59:07.186Z","v":0}
{"name":"hexo","hostname":"DESKTOP-RINLT5K","pid":23656,"level":20,"msg":"Processed: \u001b[35msource/images/thumbs/10.jpg\u001b[39m","time":"2020-02-04T20:59:07.187Z","v":0}
{"name":"hexo","hostname":"DESKTOP-RINLT5K","pid":23656,"level":20,"msg":"Processed: \u001b[35msource/images/thumbs/11.jpg\u001b[39m","time":"2020-02-04T20:59:07.190Z","v":0}
{"name":"hexo","hostname":"DESKTOP-RINLT5K","pid":23656,"level":20,"msg":"Processed: \u001b[35msource/images/thumbs/12.jpg\u001b[39m","time":"2020-02-04T20:59:07.191Z","v":0}
{"name":"hexo","hostname":"DESKTOP-RINLT5K","pid":23656,"level":20,"msg":"Processed: \u001b[35msource/js/gallery/gallery.js\u001b[39m","time":"2020-02-04T20:59:07.194Z","v":0}
{"name":"hexo","hostname":"DESKTOP-RINLT5K","pid":23656,"level":20,"msg":"Processed: \u001b[35mlayout/_widget/page-tagcloud.ejs\u001b[39m","time":"2020-02-04T20:59:07.202Z","v":0}
{"name":"hexo","hostname":"DESKTOP-RINLT5K","pid":23656,"level":20,"msg":"Processed: \u001b[35mlayout/_widget/page-gallery.ejs\u001b[39m","time":"2020-02-04T20:59:07.202Z","v":0}
{"name":"hexo","hostname":"DESKTOP-RINLT5K","pid":23656,"level":20,"msg":"Processed: \u001b[35mlayout/_widget/page-links.ejs\u001b[39m","time":"2020-02-04T20:59:07.206Z","v":0}
{"name":"hexo","hostname":"DESKTOP-RINLT5K","pid":23656,"level":20,"msg":"Processed: \u001b[35mlayout/_partial/comment.ejs\u001b[39m","time":"2020-02-04T20:59:07.207Z","v":0}
{"name":"hexo","hostname":"DESKTOP-RINLT5K","pid":23656,"level":20,"msg":"Processed: \u001b[35mlayout/_partial/gallery_head.ejs\u001b[39m","time":"2020-02-04T20:59:07.209Z","v":0}
{"name":"hexo","hostname":"DESKTOP-RINLT5K","pid":23656,"level":20,"msg":"Processed: \u001b[35mlayout/_partial/footer.ejs\u001b[39m","time":"2020-02-04T20:59:07.210Z","v":0}
{"name":"hexo","hostname":"DESKTOP-RINLT5K","pid":23656,"level":20,"msg":"Processed: \u001b[35mlayout/_partial/copyright.ejs\u001b[39m","time":"2020-02-04T20:59:07.213Z","v":0}
{"name":"hexo","hostname":"DESKTOP-RINLT5K","pid":23656,"level":20,"msg":"Processed: \u001b[35mlayout/_partial/gallery_js.ejs\u001b[39m","time":"2020-02-04T20:59:07.213Z","v":0}
{"name":"hexo","hostname":"DESKTOP-RINLT5K","pid":23656,"level":20,"msg":"Processed: \u001b[35mlayout/_partial/head.ejs\u001b[39m","time":"2020-02-04T20:59:07.213Z","v":0}
{"name":"hexo","hostname":"DESKTOP-RINLT5K","pid":23656,"level":20,"msg":"Processed: \u001b[35mlayout/_partial/headerlogo.ejs\u001b[39m","time":"2020-02-04T20:59:07.214Z","v":0}
{"name":"hexo","hostname":"DESKTOP-RINLT5K","pid":23656,"level":20,"msg":"Processed: \u001b[35mlayout/_partial/importJS.ejs\u001b[39m","time":"2020-02-04T20:59:07.215Z","v":0}
{"name":"hexo","hostname":"DESKTOP-RINLT5K","pid":23656,"level":20,"msg":"Processed: \u001b[35mlayout/_partial/mainfirst.ejs\u001b[39m","time":"2020-02-04T20:59:07.215Z","v":0}
{"name":"hexo","hostname":"DESKTOP-RINLT5K","pid":23656,"level":20,"msg":"Processed: \u001b[35mlayout/_partial/intro.ejs\u001b[39m","time":"2020-02-04T20:59:07.216Z","v":0}
{"name":"hexo","hostname":"DESKTOP-RINLT5K","pid":23656,"level":20,"msg":"Processed: \u001b[35mlayout/_partial/mathjax.ejs\u001b[39m","time":"2020-02-04T20:59:07.217Z","v":0}
{"name":"hexo","hostname":"DESKTOP-RINLT5K","pid":23656,"level":20,"msg":"Processed: \u001b[35msource/images/fulls/01.jpg\u001b[39m","time":"2020-02-04T20:59:07.218Z","v":0}
{"name":"hexo","hostname":"DESKTOP-RINLT5K","pid":23656,"level":20,"msg":"Processed: \u001b[35msource/images/fulls/02.jpg\u001b[39m","time":"2020-02-04T20:59:07.218Z","v":0}
{"name":"hexo","hostname":"DESKTOP-RINLT5K","pid":23656,"level":20,"msg":"Processed: \u001b[35msource/images/fulls/03.jpg\u001b[39m","time":"2020-02-04T20:59:07.224Z","v":0}
{"name":"hexo","hostname":"DESKTOP-RINLT5K","pid":23656,"level":20,"msg":"Processed: \u001b[35msource/images/fulls/04.jpg\u001b[39m","time":"2020-02-04T20:59:07.225Z","v":0}
{"name":"hexo","hostname":"DESKTOP-RINLT5K","pid":23656,"level":20,"msg":"Processed: \u001b[35msource/images/fulls/06.jpg\u001b[39m","time":"2020-02-04T20:59:07.226Z","v":0}
{"name":"hexo","hostname":"DESKTOP-RINLT5K","pid":23656,"level":20,"msg":"Processed: \u001b[35msource/images/fulls/11.jpg\u001b[39m","time":"2020-02-04T20:59:07.228Z","v":0}
{"name":"hexo","hostname":"DESKTOP-RINLT5K","pid":23656,"level":20,"msg":"Processed: \u001b[35mlayout/_partial/nav.ejs\u001b[39m","time":"2020-02-04T20:59:07.238Z","v":0}
{"name":"hexo","hostname":"DESKTOP-RINLT5K","pid":23656,"level":20,"msg":"Processed: \u001b[35msource/js/prism.js\u001b[39m","time":"2020-02-04T20:59:07.245Z","v":0}
{"name":"hexo","hostname":"DESKTOP-RINLT5K","pid":23656,"level":20,"msg":"Processed: \u001b[35mlayout/_widget/comment/changyan/common.ejs\u001b[39m","time":"2020-02-04T20:59:07.252Z","v":0}
{"name":"hexo","hostname":"DESKTOP-RINLT5K","pid":23656,"level":20,"msg":"Processed: \u001b[35mlayout/_widget/comment/changyan/enter.ejs\u001b[39m","time":"2020-02-04T20:59:07.253Z","v":0}
{"name":"hexo","hostname":"DESKTOP-RINLT5K","pid":23656,"level":20,"msg":"Processed: \u001b[35mlayout/_widget/comment/changyan/main.ejs\u001b[39m","time":"2020-02-04T20:59:07.256Z","v":0}
{"name":"hexo","hostname":"DESKTOP-RINLT5K","pid":23656,"level":20,"msg":"Processed: \u001b[35mlayout/_widget/comment/disqus_click/enter.ejs\u001b[39m","time":"2020-02-04T20:59:07.259Z","v":0}
{"name":"hexo","hostname":"DESKTOP-RINLT5K","pid":23656,"level":20,"msg":"Processed: \u001b[35mlayout/_widget/comment/disqus_click/main.ejs\u001b[39m","time":"2020-02-04T20:59:07.261Z","v":0}
{"name":"hexo","hostname":"DESKTOP-RINLT5K","pid":23656,"level":20,"msg":"Processed: \u001b[35mlayout/_widget/comment/disqus_click/common.ejs\u001b[39m","time":"2020-02-04T20:59:07.265Z","v":0}
{"name":"hexo","hostname":"DESKTOP-RINLT5K","pid":23656,"level":20,"msg":"Processed: \u001b[35mlayout/_widget/comment/valine/enter.ejs\u001b[39m","time":"2020-02-04T20:59:07.265Z","v":0}
{"name":"hexo","hostname":"DESKTOP-RINLT5K","pid":23656,"level":20,"msg":"Processed: \u001b[35mlayout/_widget/comment/valine/main.ejs\u001b[39m","time":"2020-02-04T20:59:07.266Z","v":0}
{"name":"hexo","hostname":"DESKTOP-RINLT5K","pid":23656,"level":20,"msg":"Processed: \u001b[35mlayout/_widget/comment/disqus/enter.ejs\u001b[39m","time":"2020-02-04T20:59:07.267Z","v":0}
{"name":"hexo","hostname":"DESKTOP-RINLT5K","pid":23656,"level":20,"msg":"Processed: \u001b[35mlayout/_widget/comment/disqus/common.ejs\u001b[39m","time":"2020-02-04T20:59:07.268Z","v":0}
{"name":"hexo","hostname":"DESKTOP-RINLT5K","pid":23656,"level":20,"msg":"Processed: \u001b[35msource/fonts/fontawesome-webfont.svg\u001b[39m","time":"2020-02-04T20:59:07.270Z","v":0}
{"name":"hexo","hostname":"DESKTOP-RINLT5K","pid":23656,"level":20,"msg":"Processed: \u001b[35mlayout/_widget/comment/disqus/main.ejs\u001b[39m","time":"2020-02-04T20:59:07.277Z","v":0}
{"name":"hexo","hostname":"DESKTOP-RINLT5K","pid":23656,"level":20,"msg":"Processed: \u001b[35msource/images/21.jpg\u001b[39m","time":"2020-02-04T20:59:07.278Z","v":0}
{"name":"hexo","hostname":"DESKTOP-RINLT5K","pid":23656,"level":20,"msg":"Processed: \u001b[35msource/img/bg.jpg\u001b[39m","time":"2020-02-04T20:59:07.280Z","v":0}
{"name":"hexo","hostname":"DESKTOP-RINLT5K","pid":23656,"level":20,"msg":"Processed: \u001b[35msource/fonts/FZLT.ttf\u001b[39m","time":"2020-02-04T20:59:07.290Z","v":0}
{"name":"hexo","hostname":"DESKTOP-RINLT5K","pid":23656,"level":20,"msg":"Rendering post: \u001b[35mF:\\myblog\\source\\_posts\\hello-world.md\u001b[39m","time":"2020-02-04T20:59:07.364Z","v":0}
{"name":"hexo","hostname":"DESKTOP-RINLT5K","pid":23656,"level":20,"msg":"Generator: \u001b[35mpage\u001b[39m","time":"2020-02-04T20:59:07.388Z","v":0}
{"name":"hexo","hostname":"DESKTOP-RINLT5K","pid":23656,"level":20,"msg":"Generator: \u001b[35mpost\u001b[39m","time":"2020-02-04T20:59:07.394Z","v":0}
{"name":"hexo","hostname":"DESKTOP-RINLT5K","pid":23656,"level":20,"msg":"Generator: \u001b[35marchive\u001b[39m","time":"2020-02-04T20:59:07.395Z","v":0}
{"name":"hexo","hostname":"DESKTOP-RINLT5K","pid":23656,"level":20,"msg":"Generator: \u001b[35mcategory\u001b[39m","time":"2020-02-04T20:59:07.396Z","v":0}
{"name":"hexo","hostname":"DESKTOP-RINLT5K","pid":23656,"level":20,"msg":"Generator: \u001b[35mindex\u001b[39m","time":"2020-02-04T20:59:07.397Z","v":0}
{"name":"hexo","hostname":"DESKTOP-RINLT5K","pid":23656,"level":20,"msg":"Generator: \u001b[35mtag\u001b[39m","time":"2020-02-04T20:59:07.398Z","v":0}
{"name":"hexo","hostname":"DESKTOP-RINLT5K","pid":23656,"level":20,"msg":"Generator: \u001b[35masset\u001b[39m","time":"2020-02-04T20:59:07.403Z","v":0}
{"name":"hexo","hostname":"DESKTOP-RINLT5K","pid":23656,"level":30,"msg":"Hexo is running at \u001b[4mhttp://localhost:4000\u001b[24m . Press Ctrl+C to stop.","time":"2020-02-04T20:59:07.409Z","v":0}
{"name":"hexo","hostname":"DESKTOP-RINLT5K","pid":23656,"level":20,"msg":"Database saved","time":"2020-02-04T20:59:07.414Z","v":0}
{"name":"hexo","hostname":"DESKTOP-RINLT5K","pid":20748,"level":20,"msg":"Writing database to F:\\myblog/db.json","time":"2020-02-04T21:00:44.156Z","v":0}
{"name":"hexo","hostname":"DESKTOP-RINLT5K","pid":20748,"level":20,"msg":"Hexo version: \u001b[35m4.2.0\u001b[39m","time":"2020-02-04T21:00:44.171Z","v":0}
{"name":"hexo","hostname":"DESKTOP-RINLT5K","pid":20748,"level":20,"msg":"Working directory: \u001b[35mF:\\myblog\\\u001b[39m","time":"2020-02-04T21:00:44.171Z","v":0}
{"name":"hexo","hostname":"DESKTOP-RINLT5K","pid":20748,"level":20,"msg":"Config loaded: \u001b[35mF:\\myblog\\_config.yml\u001b[39m","time":"2020-02-04T21:00:44.260Z","v":0}
{"name":"hexo","hostname":"DESKTOP-RINLT5K","pid":20748,"level":20,"msg":"Plugin loaded: \u001b[35mhexo-generator-archive\u001b[39m","time":"2020-02-04T21:00:44.276Z","v":0}
{"name":"hexo","hostname":"DESKTOP-RINLT5K","pid":20748,"level":20,"msg":"Plugin loaded: \u001b[35mhexo-generator-category\u001b[39m","time":"2020-02-04T21:00:44.277Z","v":0}
{"name":"hexo","hostname":"DESKTOP-RINLT5K","pid":20748,"level":20,"msg":"Plugin loaded: \u001b[35mhexo-generator-index\u001b[39m","time":"2020-02-04T21:00:44.278Z","v":0}
{"name":"hexo","hostname":"DESKTOP-RINLT5K","pid":20748,"level":20,"msg":"Plugin loaded: \u001b[35mhexo-generator-tag\u001b[39m","time":"2020-02-04T21:00:44.279Z","v":0}
{"name":"hexo","hostname":"DESKTOP-RINLT5K","pid":20748,"level":20,"msg":"Plugin loaded: \u001b[35mhexo-renderer-ejs\u001b[39m","time":"2020-02-04T21:00:44.281Z","v":0}
{"name":"hexo","hostname":"DESKTOP-RINLT5K","pid":20748,"level":20,"msg":"Plugin loaded: \u001b[35mhexo-renderer-marked\u001b[39m","time":"2020-02-04T21:00:44.312Z","v":0}
{"name":"hexo","hostname":"DESKTOP-RINLT5K","pid":20748,"level":20,"msg":"Plugin loaded: \u001b[35mhexo-renderer-stylus\u001b[39m","time":"2020-02-04T21:00:44.380Z","v":0}
{"name":"hexo","hostname":"DESKTOP-RINLT5K","pid":20748,"level":20,"msg":"Plugin loaded: \u001b[35mhexo-server\u001b[39m","time":"2020-02-04T21:00:44.436Z","v":0}
{"name":"hexo","hostname":"DESKTOP-RINLT5K","pid":20748,"level":20,"msg":"Loading database.","time":"2020-02-04T21:00:44.441Z","v":0}
{"name":"hexo","hostname":"DESKTOP-RINLT5K","pid":20748,"level":30,"msg":"Start processing","time":"2020-02-04T21:00:44.457Z","v":0}
{"name":"hexo","hostname":"DESKTOP-RINLT5K","pid":20748,"level":20,"msg":"Processed: \u001b[35m_posts/hello-world.md\u001b[39m","time":"2020-02-04T21:00:44.466Z","v":0}
{"name":"hexo","hostname":"DESKTOP-RINLT5K","pid":20748,"level":20,"msg":"Theme config loaded.","time":"2020-02-04T21:00:44.490Z","v":0}
{"name":"hexo","hostname":"DESKTOP-RINLT5K","pid":20748,"level":20,"msg":"Processed: \u001b[35msource/css/backcss.css\u001b[39m","time":"2020-02-04T21:00:44.491Z","v":0}
{"name":"hexo","hostname":"DESKTOP-RINLT5K","pid":20748,"level":20,"msg":"Processed: \u001b[35m_config.yml\u001b[39m","time":"2020-02-04T21:00:44.492Z","v":0}
{"name":"hexo","hostname":"DESKTOP-RINLT5K","pid":20748,"level":20,"msg":"Processed: \u001b[35msource/css/demo.css\u001b[39m","time":"2020-02-04T21:00:44.492Z","v":0}
{"name":"hexo","hostname":"DESKTOP-RINLT5K","pid":20748,"level":20,"msg":"Processed: \u001b[35msource/css/dropdownMenu.css\u001b[39m","time":"2020-02-04T21:00:44.492Z","v":0}
{"name":"hexo","hostname":"DESKTOP-RINLT5K","pid":20748,"level":20,"msg":"Processed: \u001b[35msource/css/gallery.min.css\u001b[39m","time":"2020-02-04T21:00:44.492Z","v":0}
{"name":"hexo","hostname":"DESKTOP-RINLT5K","pid":20748,"level":20,"msg":"Processed: \u001b[35msource/css/font-awesome.min.css\u001b[39m","time":"2020-02-04T21:00:44.493Z","v":0}
{"name":"hexo","hostname":"DESKTOP-RINLT5K","pid":20748,"level":20,"msg":"Processed: \u001b[35msource/css/gallery.css\u001b[39m","time":"2020-02-04T21:00:44.493Z","v":0}
{"name":"hexo","hostname":"DESKTOP-RINLT5K","pid":20748,"level":20,"msg":"Processed: \u001b[35msource/css/item.css\u001b[39m","time":"2020-02-04T21:00:44.493Z","v":0}
{"name":"hexo","hostname":"DESKTOP-RINLT5K","pid":20748,"level":20,"msg":"Processed: \u001b[35msource/css/mic_gallery.css\u001b[39m","time":"2020-02-04T21:00:44.494Z","v":0}
{"name":"hexo","hostname":"DESKTOP-RINLT5K","pid":20748,"level":20,"msg":"Processed: \u001b[35msource/css/mic_main.css\u001b[39m","time":"2020-02-04T21:00:44.494Z","v":0}
{"name":"hexo","hostname":"DESKTOP-RINLT5K","pid":20748,"level":20,"msg":"Processed: \u001b[35msource/css/normalize.css\u001b[39m","time":"2020-02-04T21:00:44.494Z","v":0}
{"name":"hexo","hostname":"DESKTOP-RINLT5K","pid":20748,"level":20,"msg":"Processed: \u001b[35msource/css/my_link.css\u001b[39m","time":"2020-02-04T21:00:44.495Z","v":0}
{"name":"hexo","hostname":"DESKTOP-RINLT5K","pid":20748,"level":20,"msg":"Processed: \u001b[35msource/css/noscript.css\u001b[39m","time":"2020-02-04T21:00:44.495Z","v":0}
{"name":"hexo","hostname":"DESKTOP-RINLT5K","pid":20748,"level":20,"msg":"Processed: \u001b[35msource/css/ok_prism.css\u001b[39m","time":"2020-02-04T21:00:44.495Z","v":0}
{"name":"hexo","hostname":"DESKTOP-RINLT5K","pid":20748,"level":20,"msg":"Processed: \u001b[35msource/css/prism.css\u001b[39m","time":"2020-02-04T21:00:44.495Z","v":0}
{"name":"hexo","hostname":"DESKTOP-RINLT5K","pid":20748,"level":20,"msg":"Processed: \u001b[35msource/css/prism_coy.css\u001b[39m","time":"2020-02-04T21:00:44.496Z","v":0}
{"name":"hexo","hostname":"DESKTOP-RINLT5K","pid":20748,"level":20,"msg":"Processed: \u001b[35msource/css/prism_dark.css\u001b[39m","time":"2020-02-04T21:00:44.496Z","v":0}
{"name":"hexo","hostname":"DESKTOP-RINLT5K","pid":20748,"level":20,"msg":"Processed: \u001b[35msource/css/prism_default.css\u001b[39m","time":"2020-02-04T21:00:44.496Z","v":0}
{"name":"hexo","hostname":"DESKTOP-RINLT5K","pid":20748,"level":20,"msg":"Processed: \u001b[35msource/css/prism_funky.css\u001b[39m","time":"2020-02-04T21:00:44.496Z","v":0}
{"name":"hexo","hostname":"DESKTOP-RINLT5K","pid":20748,"level":20,"msg":"Processed: \u001b[35msource/css/prism_okaidia.css\u001b[39m","time":"2020-02-04T21:00:44.497Z","v":0}
{"name":"hexo","hostname":"DESKTOP-RINLT5K","pid":20748,"level":20,"msg":"Processed: \u001b[35msource/css/prism_solarized.css\u001b[39m","time":"2020-02-04T21:00:44.497Z","v":0}
{"name":"hexo","hostname":"DESKTOP-RINLT5K","pid":20748,"level":20,"msg":"Processed: \u001b[35msource/css/prism_twilight.css\u001b[39m","time":"2020-02-04T21:00:44.497Z","v":0}
{"name":"hexo","hostname":"DESKTOP-RINLT5K","pid":20748,"level":20,"msg":"Processed: \u001b[35msource/css/typo.css\u001b[39m","time":"2020-02-04T21:00:44.498Z","v":0}
{"name":"hexo","hostname":"DESKTOP-RINLT5K","pid":20748,"level":20,"msg":"Processed: \u001b[35msource/fonts/FZLT.ttf\u001b[39m","time":"2020-02-04T21:00:44.498Z","v":0}
{"name":"hexo","hostname":"DESKTOP-RINLT5K","pid":20748,"level":20,"msg":"Processed: \u001b[35msource/fonts/FontAwesome.otf\u001b[39m","time":"2020-02-04T21:00:44.498Z","v":0}
{"name":"hexo","hostname":"DESKTOP-RINLT5K","pid":20748,"level":20,"msg":"Processed: \u001b[35msource/fonts/fontawesome-webfont.eot\u001b[39m","time":"2020-02-04T21:00:44.498Z","v":0}
{"name":"hexo","hostname":"DESKTOP-RINLT5K","pid":20748,"level":20,"msg":"Processed: \u001b[35msource/fonts/fontawesome-webfont.svg\u001b[39m","time":"2020-02-04T21:00:44.499Z","v":0}
{"name":"hexo","hostname":"DESKTOP-RINLT5K","pid":20748,"level":20,"msg":"Processed: \u001b[35msource/fonts/fontawesome-webfont.ttf\u001b[39m","time":"2020-02-04T21:00:44.499Z","v":0}
{"name":"hexo","hostname":"DESKTOP-RINLT5K","pid":20748,"level":20,"msg":"Processed: \u001b[35msource/fonts/fontawesome-webfont.woff2\u001b[39m","time":"2020-02-04T21:00:44.499Z","v":0}
{"name":"hexo","hostname":"DESKTOP-RINLT5K","pid":20748,"level":20,"msg":"Processed: \u001b[35msource/fonts/fontawesome-webfont.woff\u001b[39m","time":"2020-02-04T21:00:44.502Z","v":0}
{"name":"hexo","hostname":"DESKTOP-RINLT5K","pid":20748,"level":20,"msg":"Processed: \u001b[35msource/images/12.jpg\u001b[39m","time":"2020-02-04T21:00:44.502Z","v":0}
{"name":"hexo","hostname":"DESKTOP-RINLT5K","pid":20748,"level":20,"msg":"Processed: \u001b[35msource/images/21.jpg\u001b[39m","time":"2020-02-04T21:00:44.502Z","v":0}
{"name":"hexo","hostname":"DESKTOP-RINLT5K","pid":20748,"level":20,"msg":"Processed: \u001b[35msource/images/3123.jpg\u001b[39m","time":"2020-02-04T21:00:44.503Z","v":0}
{"name":"hexo","hostname":"DESKTOP-RINLT5K","pid":20748,"level":20,"msg":"Processed: \u001b[35msource/images/me.jpg\u001b[39m","time":"2020-02-04T21:00:44.504Z","v":0}
{"name":"hexo","hostname":"DESKTOP-RINLT5K","pid":20748,"level":20,"msg":"Processed: \u001b[35msource/images/logo.png\u001b[39m","time":"2020-02-04T21:00:44.505Z","v":0}
{"name":"hexo","hostname":"DESKTOP-RINLT5K","pid":20748,"level":20,"msg":"Processed: \u001b[35msource/images/overlay.png\u001b[39m","time":"2020-02-04T21:00:44.505Z","v":0}
{"name":"hexo","hostname":"DESKTOP-RINLT5K","pid":20748,"level":20,"msg":"Processed: \u001b[35msource/images/pic01.jpg\u001b[39m","time":"2020-02-04T21:00:44.506Z","v":0}
{"name":"hexo","hostname":"DESKTOP-RINLT5K","pid":20748,"level":20,"msg":"Processed: \u001b[35msource/images/pic02.jpg\u001b[39m","time":"2020-02-04T21:00:44.506Z","v":0}
{"name":"hexo","hostname":"DESKTOP-RINLT5K","pid":20748,"level":20,"msg":"Processed: \u001b[35msource/images/pic03.jpg\u001b[39m","time":"2020-02-04T21:00:44.506Z","v":0}
{"name":"hexo","hostname":"DESKTOP-RINLT5K","pid":20748,"level":20,"msg":"Processed: \u001b[35msource/images/pic04.jpg\u001b[39m","time":"2020-02-04T21:00:44.507Z","v":0}
{"name":"hexo","hostname":"DESKTOP-RINLT5K","pid":20748,"level":20,"msg":"Processed: \u001b[35msource/images/pic05.jpg\u001b[39m","time":"2020-02-04T21:00:44.507Z","v":0}
{"name":"hexo","hostname":"DESKTOP-RINLT5K","pid":20748,"level":20,"msg":"Processed: \u001b[35msource/images/pic06.jpg\u001b[39m","time":"2020-02-04T21:00:44.508Z","v":0}
{"name":"hexo","hostname":"DESKTOP-RINLT5K","pid":20748,"level":20,"msg":"Processed: \u001b[35msource/images/pic07.jpg\u001b[39m","time":"2020-02-04T21:00:44.508Z","v":0}
{"name":"hexo","hostname":"DESKTOP-RINLT5K","pid":20748,"level":20,"msg":"Processed: \u001b[35msource/images/pic08.jpg\u001b[39m","time":"2020-02-04T21:00:44.509Z","v":0}
{"name":"hexo","hostname":"DESKTOP-RINLT5K","pid":20748,"level":20,"msg":"Processed: \u001b[35msource/images/pic09.jpg\u001b[39m","time":"2020-02-04T21:00:44.509Z","v":0}
{"name":"hexo","hostname":"DESKTOP-RINLT5K","pid":20748,"level":20,"msg":"Processed: \u001b[35msource/images/pic10.jpg\u001b[39m","time":"2020-02-04T21:00:44.509Z","v":0}
{"name":"hexo","hostname":"DESKTOP-RINLT5K","pid":20748,"level":20,"msg":"Processed: \u001b[35msource/images/pic11.jpg\u001b[39m","time":"2020-02-04T21:00:44.510Z","v":0}
{"name":"hexo","hostname":"DESKTOP-RINLT5K","pid":20748,"level":20,"msg":"Processed: \u001b[35msource/images/pic12.jpg\u001b[39m","time":"2020-02-04T21:00:44.510Z","v":0}
{"name":"hexo","hostname":"DESKTOP-RINLT5K","pid":20748,"level":20,"msg":"Processed: \u001b[35msource/images/picx03.jpg\u001b[39m","time":"2020-02-04T21:00:44.516Z","v":0}
{"name":"hexo","hostname":"DESKTOP-RINLT5K","pid":20748,"level":20,"msg":"Processed: \u001b[35msource/js/gallery_skel.min.js\u001b[39m","time":"2020-02-04T21:00:44.518Z","v":0}
{"name":"hexo","hostname":"DESKTOP-RINLT5K","pid":20748,"level":20,"msg":"Processed: \u001b[35msource/js/jquery.scrollex.min.js\u001b[39m","time":"2020-02-04T21:00:44.519Z","v":0}
{"name":"hexo","hostname":"DESKTOP-RINLT5K","pid":20748,"level":20,"msg":"Processed: \u001b[35msource/js/jquery.min.js\u001b[39m","time":"2020-02-04T21:00:44.519Z","v":0}
{"name":"hexo","hostname":"DESKTOP-RINLT5K","pid":20748,"level":20,"msg":"Processed: \u001b[35msource/js/jquery.scrolly.min.js\u001b[39m","time":"2020-02-04T21:00:44.520Z","v":0}
{"name":"hexo","hostname":"DESKTOP-RINLT5K","pid":20748,"level":20,"msg":"Processed: \u001b[35msource/js/mic_gallery.js\u001b[39m","time":"2020-02-04T21:00:44.520Z","v":0}
{"name":"hexo","hostname":"DESKTOP-RINLT5K","pid":20748,"level":20,"msg":"Processed: \u001b[35msource/js/main.js\u001b[39m","time":"2020-02-04T21:00:44.521Z","v":0}
{"name":"hexo","hostname":"DESKTOP-RINLT5K","pid":20748,"level":20,"msg":"Processed: \u001b[35msource/js/lazyload.min.js\u001b[39m","time":"2020-02-04T21:00:44.521Z","v":0}
{"name":"hexo","hostname":"DESKTOP-RINLT5K","pid":20748,"level":20,"msg":"Processed: \u001b[35msource/js/prism.js\u001b[39m","time":"2020-02-04T21:00:44.522Z","v":0}
{"name":"hexo","hostname":"DESKTOP-RINLT5K","pid":20748,"level":20,"msg":"Processed: \u001b[35msource/js/skel.min.js\u001b[39m","time":"2020-02-04T21:00:44.522Z","v":0}
{"name":"hexo","hostname":"DESKTOP-RINLT5K","pid":20748,"level":20,"msg":"Processed: \u001b[35msource/js/util.js\u001b[39m","time":"2020-02-04T21:00:44.526Z","v":0}
{"name":"hexo","hostname":"DESKTOP-RINLT5K","pid":20748,"level":20,"msg":"Processed: \u001b[35msource/img/bg.jpg\u001b[39m","time":"2020-02-04T21:00:44.527Z","v":0}
{"name":"hexo","hostname":"DESKTOP-RINLT5K","pid":20748,"level":20,"msg":"Processed: \u001b[35msource/img/logo_miccall.png\u001b[39m","time":"2020-02-04T21:00:44.537Z","v":0}
{"name":"hexo","hostname":"DESKTOP-RINLT5K","pid":20748,"level":20,"msg":"Processed: \u001b[35msource/css/images/arrow-small.svg\u001b[39m","time":"2020-02-04T21:00:44.543Z","v":0}
{"name":"hexo","hostname":"DESKTOP-RINLT5K","pid":20748,"level":20,"msg":"Processed: \u001b[35msource/css/images/arrow.svg\u001b[39m","time":"2020-02-04T21:00:44.544Z","v":0}
{"name":"hexo","hostname":"DESKTOP-RINLT5K","pid":20748,"level":20,"msg":"Processed: \u001b[35msource/css/images/close-small.svg\u001b[39m","time":"2020-02-04T21:00:44.547Z","v":0}
{"name":"hexo","hostname":"DESKTOP-RINLT5K","pid":20748,"level":20,"msg":"Processed: \u001b[35msource/css/images/close-small-alt.svg\u001b[39m","time":"2020-02-04T21:00:44.548Z","v":0}
{"name":"hexo","hostname":"DESKTOP-RINLT5K","pid":20748,"level":20,"msg":"Processed: \u001b[35msource/css/images/close.svg\u001b[39m","time":"2020-02-04T21:00:44.549Z","v":0}
{"name":"hexo","hostname":"DESKTOP-RINLT5K","pid":20748,"level":20,"msg":"Processed: \u001b[35msource/css/images/open-small.svg\u001b[39m","time":"2020-02-04T21:00:44.551Z","v":0}
{"name":"hexo","hostname":"DESKTOP-RINLT5K","pid":20748,"level":20,"msg":"Processed: \u001b[35msource/css/images/open.svg\u001b[39m","time":"2020-02-04T21:00:44.556Z","v":0}
{"name":"hexo","hostname":"DESKTOP-RINLT5K","pid":20748,"level":20,"msg":"Processed: \u001b[35msource/css/images/spinner.svg\u001b[39m","time":"2020-02-04T21:00:44.558Z","v":0}
{"name":"hexo","hostname":"DESKTOP-RINLT5K","pid":20748,"level":20,"msg":"Processed: \u001b[35msource/images/fulls/01.jpg\u001b[39m","time":"2020-02-04T21:00:44.559Z","v":0}
{"name":"hexo","hostname":"DESKTOP-RINLT5K","pid":20748,"level":20,"msg":"Processed: \u001b[35msource/images/fulls/03.jpg\u001b[39m","time":"2020-02-04T21:00:44.560Z","v":0}
{"name":"hexo","hostname":"DESKTOP-RINLT5K","pid":20748,"level":20,"msg":"Processed: \u001b[35msource/images/fulls/04.jpg\u001b[39m","time":"2020-02-04T21:00:44.561Z","v":0}
{"name":"hexo","hostname":"DESKTOP-RINLT5K","pid":20748,"level":20,"msg":"Processed: \u001b[35msource/images/fulls/02.jpg\u001b[39m","time":"2020-02-04T21:00:44.562Z","v":0}
{"name":"hexo","hostname":"DESKTOP-RINLT5K","pid":20748,"level":20,"msg":"Processed: \u001b[35msource/images/fulls/05.jpg\u001b[39m","time":"2020-02-04T21:00:44.563Z","v":0}
{"name":"hexo","hostname":"DESKTOP-RINLT5K","pid":20748,"level":20,"msg":"Processed: \u001b[35msource/images/fulls/06.jpg\u001b[39m","time":"2020-02-04T21:00:44.563Z","v":0}
{"name":"hexo","hostname":"DESKTOP-RINLT5K","pid":20748,"level":20,"msg":"Processed: \u001b[35msource/images/fulls/07.jpg\u001b[39m","time":"2020-02-04T21:00:44.564Z","v":0}
{"name":"hexo","hostname":"DESKTOP-RINLT5K","pid":20748,"level":20,"msg":"Processed: \u001b[35msource/images/fulls/08.jpg\u001b[39m","time":"2020-02-04T21:00:44.569Z","v":0}
{"name":"hexo","hostname":"DESKTOP-RINLT5K","pid":20748,"level":20,"msg":"Processed: \u001b[35msource/images/fulls/09.jpg\u001b[39m","time":"2020-02-04T21:00:44.570Z","v":0}
{"name":"hexo","hostname":"DESKTOP-RINLT5K","pid":20748,"level":20,"msg":"Processed: \u001b[35msource/images/fulls/10.jpg\u001b[39m","time":"2020-02-04T21:00:44.571Z","v":0}
{"name":"hexo","hostname":"DESKTOP-RINLT5K","pid":20748,"level":20,"msg":"Processed: \u001b[35msource/images/fulls/11.jpg\u001b[39m","time":"2020-02-04T21:00:44.571Z","v":0}
{"name":"hexo","hostname":"DESKTOP-RINLT5K","pid":20748,"level":20,"msg":"Processed: \u001b[35msource/images/fulls/12.jpg\u001b[39m","time":"2020-02-04T21:00:44.572Z","v":0}
{"name":"hexo","hostname":"DESKTOP-RINLT5K","pid":20748,"level":20,"msg":"Processed: \u001b[35msource/images/thumbs/01.jpg\u001b[39m","time":"2020-02-04T21:00:44.573Z","v":0}
{"name":"hexo","hostname":"DESKTOP-RINLT5K","pid":20748,"level":20,"msg":"Processed: \u001b[35msource/images/thumbs/02.jpg\u001b[39m","time":"2020-02-04T21:00:44.573Z","v":0}
{"name":"hexo","hostname":"DESKTOP-RINLT5K","pid":20748,"level":20,"msg":"Processed: \u001b[35msource/images/thumbs/03.jpg\u001b[39m","time":"2020-02-04T21:00:44.574Z","v":0}
{"name":"hexo","hostname":"DESKTOP-RINLT5K","pid":20748,"level":20,"msg":"Processed: \u001b[35msource/images/thumbs/04.jpg\u001b[39m","time":"2020-02-04T21:00:44.575Z","v":0}
{"name":"hexo","hostname":"DESKTOP-RINLT5K","pid":20748,"level":20,"msg":"Processed: \u001b[35msource/images/thumbs/05.jpg\u001b[39m","time":"2020-02-04T21:00:44.576Z","v":0}
{"name":"hexo","hostname":"DESKTOP-RINLT5K","pid":20748,"level":20,"msg":"Processed: \u001b[35msource/images/thumbs/06.jpg\u001b[39m","time":"2020-02-04T21:00:44.576Z","v":0}
{"name":"hexo","hostname":"DESKTOP-RINLT5K","pid":20748,"level":20,"msg":"Processed: \u001b[35msource/images/thumbs/08.jpg\u001b[39m","time":"2020-02-04T21:00:44.582Z","v":0}
{"name":"hexo","hostname":"DESKTOP-RINLT5K","pid":20748,"level":20,"msg":"Processed: \u001b[35msource/images/thumbs/07.jpg\u001b[39m","time":"2020-02-04T21:00:44.583Z","v":0}
{"name":"hexo","hostname":"DESKTOP-RINLT5K","pid":20748,"level":20,"msg":"Processed: \u001b[35msource/images/thumbs/09.jpg\u001b[39m","time":"2020-02-04T21:00:44.585Z","v":0}
{"name":"hexo","hostname":"DESKTOP-RINLT5K","pid":20748,"level":20,"msg":"Processed: \u001b[35msource/images/thumbs/10.jpg\u001b[39m","time":"2020-02-04T21:00:44.585Z","v":0}
{"name":"hexo","hostname":"DESKTOP-RINLT5K","pid":20748,"level":20,"msg":"Processed: \u001b[35msource/images/thumbs/11.jpg\u001b[39m","time":"2020-02-04T21:00:44.586Z","v":0}
{"name":"hexo","hostname":"DESKTOP-RINLT5K","pid":20748,"level":20,"msg":"Processed: \u001b[35msource/images/thumbs/12.jpg\u001b[39m","time":"2020-02-04T21:00:44.586Z","v":0}
{"name":"hexo","hostname":"DESKTOP-RINLT5K","pid":20748,"level":20,"msg":"Processed: \u001b[35msource/js/gallery/gallery.js\u001b[39m","time":"2020-02-04T21:00:44.590Z","v":0}
{"name":"hexo","hostname":"DESKTOP-RINLT5K","pid":20748,"level":20,"msg":"Processed: \u001b[35mlayout/index.ejs\u001b[39m","time":"2020-02-04T21:00:44.595Z","v":0}
{"name":"hexo","hostname":"DESKTOP-RINLT5K","pid":20748,"level":20,"msg":"Processed: \u001b[35mlayout/post.ejs\u001b[39m","time":"2020-02-04T21:00:44.596Z","v":0}
{"name":"hexo","hostname":"DESKTOP-RINLT5K","pid":20748,"level":20,"msg":"Processed: \u001b[35mlayout/layout.ejs\u001b[39m","time":"2020-02-04T21:00:44.597Z","v":0}
{"name":"hexo","hostname":"DESKTOP-RINLT5K","pid":20748,"level":20,"msg":"Processed: \u001b[35mlayout/_partial/comment.ejs\u001b[39m","time":"2020-02-04T21:00:44.608Z","v":0}
{"name":"hexo","hostname":"DESKTOP-RINLT5K","pid":20748,"level":20,"msg":"Processed: \u001b[35mlayout/_partial/copyright.ejs\u001b[39m","time":"2020-02-04T21:00:44.608Z","v":0}
{"name":"hexo","hostname":"DESKTOP-RINLT5K","pid":20748,"level":20,"msg":"Processed: \u001b[35mlayout/_partial/gallery_head.ejs\u001b[39m","time":"2020-02-04T21:00:44.613Z","v":0}
{"name":"hexo","hostname":"DESKTOP-RINLT5K","pid":20748,"level":20,"msg":"Processed: \u001b[35mlayout/_partial/footer.ejs\u001b[39m","time":"2020-02-04T21:00:44.613Z","v":0}
{"name":"hexo","hostname":"DESKTOP-RINLT5K","pid":20748,"level":20,"msg":"Processed: \u001b[35mlayout/_partial/gallery_js.ejs\u001b[39m","time":"2020-02-04T21:00:44.617Z","v":0}
{"name":"hexo","hostname":"DESKTOP-RINLT5K","pid":20748,"level":20,"msg":"Processed: \u001b[35mlayout/_partial/head.ejs\u001b[39m","time":"2020-02-04T21:00:44.618Z","v":0}
{"name":"hexo","hostname":"DESKTOP-RINLT5K","pid":20748,"level":20,"msg":"Processed: \u001b[35mlayout/_partial/headerlogo.ejs\u001b[39m","time":"2020-02-04T21:00:44.620Z","v":0}
{"name":"hexo","hostname":"DESKTOP-RINLT5K","pid":20748,"level":20,"msg":"Processed: \u001b[35mlayout/_partial/intro.ejs\u001b[39m","time":"2020-02-04T21:00:44.621Z","v":0}
{"name":"hexo","hostname":"DESKTOP-RINLT5K","pid":20748,"level":20,"msg":"Processed: \u001b[35mlayout/_partial/mainfirst.ejs\u001b[39m","time":"2020-02-04T21:00:44.621Z","v":0}
{"name":"hexo","hostname":"DESKTOP-RINLT5K","pid":20748,"level":20,"msg":"Processed: \u001b[35mlayout/_partial/importJS.ejs\u001b[39m","time":"2020-02-04T21:00:44.622Z","v":0}
{"name":"hexo","hostname":"DESKTOP-RINLT5K","pid":20748,"level":20,"msg":"Processed: \u001b[35mlayout/_partial/mathjax.ejs\u001b[39m","time":"2020-02-04T21:00:44.622Z","v":0}
{"name":"hexo","hostname":"DESKTOP-RINLT5K","pid":20748,"level":20,"msg":"Processed: \u001b[35mlayout/_widget/page-gallery.ejs\u001b[39m","time":"2020-02-04T21:00:44.623Z","v":0}
{"name":"hexo","hostname":"DESKTOP-RINLT5K","pid":20748,"level":20,"msg":"Processed: \u001b[35mlayout/_partial/nav.ejs\u001b[39m","time":"2020-02-04T21:00:44.624Z","v":0}
{"name":"hexo","hostname":"DESKTOP-RINLT5K","pid":20748,"level":20,"msg":"Processed: \u001b[35mlayout/_widget/page-tagcloud.ejs\u001b[39m","time":"2020-02-04T21:00:44.624Z","v":0}
{"name":"hexo","hostname":"DESKTOP-RINLT5K","pid":20748,"level":20,"msg":"Processed: \u001b[35mlayout/_widget/page-links.ejs\u001b[39m","time":"2020-02-04T21:00:44.625Z","v":0}
{"name":"hexo","hostname":"DESKTOP-RINLT5K","pid":20748,"level":20,"msg":"Processed: \u001b[35mlayout/_widget/comment/changyan/common.ejs\u001b[39m","time":"2020-02-04T21:00:44.628Z","v":0}
{"name":"hexo","hostname":"DESKTOP-RINLT5K","pid":20748,"level":20,"msg":"Processed: \u001b[35mlayout/_widget/comment/changyan/main.ejs\u001b[39m","time":"2020-02-04T21:00:44.629Z","v":0}
{"name":"hexo","hostname":"DESKTOP-RINLT5K","pid":20748,"level":20,"msg":"Processed: \u001b[35mlayout/_widget/comment/changyan/enter.ejs\u001b[39m","time":"2020-02-04T21:00:44.630Z","v":0}
{"name":"hexo","hostname":"DESKTOP-RINLT5K","pid":20748,"level":20,"msg":"Processed: \u001b[35mlayout/_widget/comment/disqus/common.ejs\u001b[39m","time":"2020-02-04T21:00:44.631Z","v":0}
{"name":"hexo","hostname":"DESKTOP-RINLT5K","pid":20748,"level":20,"msg":"Processed: \u001b[35mlayout/_widget/comment/disqus/main.ejs\u001b[39m","time":"2020-02-04T21:00:44.631Z","v":0}
{"name":"hexo","hostname":"DESKTOP-RINLT5K","pid":20748,"level":20,"msg":"Processed: \u001b[35mlayout/_widget/comment/disqus/enter.ejs\u001b[39m","time":"2020-02-04T21:00:44.632Z","v":0}
{"name":"hexo","hostname":"DESKTOP-RINLT5K","pid":20748,"level":20,"msg":"Processed: \u001b[35mlayout/_widget/comment/disqus_click/common.ejs\u001b[39m","time":"2020-02-04T21:00:44.636Z","v":0}
{"name":"hexo","hostname":"DESKTOP-RINLT5K","pid":20748,"level":20,"msg":"Processed: \u001b[35mlayout/_widget/comment/disqus_click/main.ejs\u001b[39m","time":"2020-02-04T21:00:44.640Z","v":0}
{"name":"hexo","hostname":"DESKTOP-RINLT5K","pid":20748,"level":20,"msg":"Processed: \u001b[35mlayout/_widget/comment/disqus_click/enter.ejs\u001b[39m","time":"2020-02-04T21:00:44.641Z","v":0}
{"name":"hexo","hostname":"DESKTOP-RINLT5K","pid":20748,"level":20,"msg":"Processed: \u001b[35mlayout/_widget/comment/valine/enter.ejs\u001b[39m","time":"2020-02-04T21:00:44.641Z","v":0}
{"name":"hexo","hostname":"DESKTOP-RINLT5K","pid":20748,"level":20,"msg":"Processed: \u001b[35mlayout/_widget/comment/valine/main.ejs\u001b[39m","time":"2020-02-04T21:00:44.644Z","v":0}
{"name":"hexo","hostname":"DESKTOP-RINLT5K","pid":20748,"level":20,"msg":"Generator: \u001b[35mpage\u001b[39m","time":"2020-02-04T21:00:44.702Z","v":0}
{"name":"hexo","hostname":"DESKTOP-RINLT5K","pid":20748,"level":20,"msg":"Generator: \u001b[35mpost\u001b[39m","time":"2020-02-04T21:00:44.703Z","v":0}
{"name":"hexo","hostname":"DESKTOP-RINLT5K","pid":20748,"level":20,"msg":"Generator: \u001b[35marchive\u001b[39m","time":"2020-02-04T21:00:44.706Z","v":0}
{"name":"hexo","hostname":"DESKTOP-RINLT5K","pid":20748,"level":20,"msg":"Generator: \u001b[35mcategory\u001b[39m","time":"2020-02-04T21:00:44.707Z","v":0}
{"name":"hexo","hostname":"DESKTOP-RINLT5K","pid":20748,"level":20,"msg":"Generator: \u001b[35mindex\u001b[39m","time":"2020-02-04T21:00:44.708Z","v":0}
{"name":"hexo","hostname":"DESKTOP-RINLT5K","pid":20748,"level":20,"msg":"Generator: \u001b[35mtag\u001b[39m","time":"2020-02-04T21:00:44.708Z","v":0}
{"name":"hexo","hostname":"DESKTOP-RINLT5K","pid":20748,"level":20,"msg":"Generator: \u001b[35masset\u001b[39m","time":"2020-02-04T21:00:44.711Z","v":0}
{"name":"hexo","hostname":"DESKTOP-RINLT5K","pid":20748,"level":30,"msg":"Hexo is running at \u001b[4mhttp://localhost:4000\u001b[24m . Press Ctrl+C to stop.","time":"2020-02-04T21:00:44.719Z","v":0}
{"name":"hexo","hostname":"DESKTOP-RINLT5K","pid":20748,"level":20,"msg":"Database saved","time":"2020-02-04T21:00:44.724Z","v":0}
{"name":"hexo","hostname":"DESKTOP-RINLT5K","pid":20748,"level":20,"msg":"Rendering HTML index: \u001b[35mindex.html\u001b[39m","time":"2020-02-04T21:01:07.174Z","v":0}
{"name":"hexo","hostname":"DESKTOP-RINLT5K","pid":20748,"level":20,"msg":"Rendering HTML index: \u001b[35mindex.html\u001b[39m","time":"2020-02-04T21:01:07.281Z","v":0}
{"name":"hexo","hostname":"DESKTOP-RINLT5K","pid":20748,"level":20,"msg":"Rendering HTML index: \u001b[35mindex.html\u001b[39m","time":"2020-02-04T21:05:45.602Z","v":0}
{"name":"hexo","hostname":"DESKTOP-RINLT5K","pid":20748,"level":20,"msg":"Rendering HTML index: \u001b[35mindex.html\u001b[39m","time":"2020-02-04T21:05:45.700Z","v":0}
{"name":"hexo","hostname":"DESKTOP-RINLT5K","pid":20748,"level":20,"msg":"Rendering HTML post: \u001b[35m2020/02/05/hello-world/index.html\u001b[39m","time":"2020-02-04T21:05:52.711Z","v":0}
{"name":"hexo","hostname":"DESKTOP-RINLT5K","pid":20748,"level":20,"msg":"Rendering HTML post: \u001b[35m2020/02/05/hello-world/index.html\u001b[39m","time":"2020-02-04T21:05:52.791Z","v":0}
